2026-01-30 18:04:14,233 INFO: Menu App Startup [in C:\Users\subha\OneDrive\Desktop\menu\app\__init__.py:31]
2026-01-30 18:04:16,104 INFO: Menu App Startup [in C:\Users\subha\OneDrive\Desktop\menu\app\__init__.py:31]
2026-01-30 18:04:50,762 INFO: Menu App Startup [in C:\Users\subha\OneDrive\Desktop\menu\app\__init__.py:31]
2026-01-30 18:04:52,645 INFO: Menu App Startup [in C:\Users\subha\OneDrive\Desktop\menu\app\__init__.py:31]
2026-01-30 18:05:17,066 INFO: Menu App Startup [in C:\Users\subha\OneDrive\Desktop\menu\app\__init__.py:31]
2026-01-30 18:05:19,435 INFO: Menu App Startup [in C:\Users\subha\OneDrive\Desktop\menu\app\__init__.py:31]
2026-01-30 18:06:19,253 INFO: Menu App Startup [in C:\Users\subha\OneDrive\Desktop\menu\app\__init__.py:31]
2026-01-30 18:06:21,074 INFO: Menu App Startup [in C:\Users\subha\OneDrive\Desktop\menu\app\__init__.py:31]
2026-01-30 18:08:48,454 INFO: Menu App Startup [in C:\Users\subha\OneDrive\Desktop\menu\app\__init__.py:31]
2026-01-30 18:08:50,167 INFO: Menu App Startup [in C:\Users\subha\OneDrive\Desktop\menu\app\__init__.py:31]
2026-01-30 18:08:56,069 INFO: DEBUG: Processing item: {'menu_item_id': 7, 'quantity': 3, 'name': 'Fresh Lemonade', 'price': 3.99} [in C:\Users\subha\OneDrive\Desktop\menu\app\api\orders.py:31]
2026-01-30 18:08:56,071 INFO: DEBUG: Looking for info on menu_item_id=7 type=<class 'int'> [in C:\Users\subha\OneDrive\Desktop\menu\app\api\orders.py:33]
2026-01-30 18:10:23,722 INFO: DEBUG: Processing item: {'menu_item_id': 6, 'quantity': 3, 'name': 'Coke', 'price': 2.5} [in C:\Users\subha\OneDrive\Desktop\menu\app\api\orders.py:31]
2026-01-30 18:10:23,723 INFO: DEBUG: Looking for info on menu_item_id=6 type=<class 'int'> [in C:\Users\subha\OneDrive\Desktop\menu\app\api\orders.py:33]
2026-01-30 18:10:23,737 INFO: DEBUG: Processing item: {'menu_item_id': 7, 'quantity': 3, 'name': 'Fresh Lemonade', 'price': 3.99} [in C:\Users\subha\OneDrive\Desktop\menu\app\api\orders.py:31]
2026-01-30 18:10:23,738 INFO: DEBUG: Looking for info on menu_item_id=7 type=<class 'int'> [in C:\Users\subha\OneDrive\Desktop\menu\app\api\orders.py:33]
2026-01-31 23:06:12,076 INFO: Menu App Startup [in C:\Users\subha\OneDrive\Desktop\menu\backend\app\__init__.py:57]
2026-01-31 23:06:12,849 INFO: Menu App Startup [in C:\Users\subha\OneDrive\Desktop\menu\backend\app\__init__.py:57]
2026-01-31 23:08:39,060 INFO: Menu App Startup [in C:\Users\subha\OneDrive\Desktop\menu\backend\app\__init__.py:57]
2026-01-31 23:10:14,872 INFO: Menu App Startup [in C:\Users\subha\OneDrive\Desktop\menu\backend\app\__init__.py:57]
2026-01-31 23:11:43,270 INFO: Menu App Startup [in C:\Users\subha\OneDrive\Desktop\menu\backend\app\__init__.py:60]
2026-01-31 23:11:45,379 INFO: Menu App Startup [in C:\Users\subha\OneDrive\Desktop\menu\backend\app\__init__.py:63]
2026-01-31 23:16:12,857 INFO: Menu App Startup [in C:\Users\subha\OneDrive\Desktop\menu\backend\app\__init__.py:63]
2026-02-01 16:47:06,683 INFO: Menu App Startup [in C:\Users\subha\OneDrive\Desktop\menu\backend\app\__init__.py:63]
2026-02-01 16:48:33,769 INFO: Menu App Startup [in C:\Users\subha\OneDrive\Desktop\menu\backend\app\__init__.py:63]
2026-02-01 16:49:45,076 INFO: Menu App Startup [in C:\Users\subha\OneDrive\Desktop\menu\backend\app\__init__.py:63]
2026-02-01 16:49:50,084 INFO: Menu App Startup [in C:\Users\subha\OneDrive\Desktop\menu\backend\app\__init__.py:63]
2026-02-01 17:38:19,883 INFO: Menu App Startup [in C:\Users\subha\OneDrive\Desktop\menu\backend\app\__init__.py:63]
